<?xml version="1.0" encoding="UTF-8"?>
<testsuite xmlns:xsi="http://www.w3.org/2001/XMLSchema-instance" xsi:noNamespaceSchemaLocation="https://maven.apache.org/surefire/maven-surefire-plugin/xsd/surefire-test-report-3.0.xsd" version="3.0" name="com.example.riskdashboardbff.DashboardAggregationServiceTests" time="8.962" tests="1" errors="0" skipped="1" failures="0">
  <properties>
[...]
</properties>
  <testcase name="aggregateShouldReturnTopAccountsAndHealth" classname="com.example.riskdashboardbff.DashboardAggregationServiceTests" time="0.0">
    <skipped type="org.opentest4j.TestAbortedException"><![CDATA[org.opentest4j.TestAbortedException: Assumption failed: Redis is not available, skipping integration-style test.
	at org.junit.jupiter.api.Assumptions.throwAssumptionFailed(Assumptions.java:316)
	at org.junit.jupiter.api.Assumptions.assumeTrue(Assumptions.java:115)
	at com.example.riskdashboardbff.DashboardAggregationServiceTests.aggregateShouldReturnTopAccountsAndHealth(DashboardAggregationServiceTests.java:26)
	at java.base/java.lang.reflect.Method.invoke(Method.java:580)
	at java.base/java.util.ArrayList.forEach(ArrayList.java:1596)
	at java.base/java.util.ArrayList.forEach(ArrayList.java:1596)
]]></skipped>
    <system-out><![CDATA[23:23:06.984 [main] INFO org.springframework.test.context.support.AnnotationConfigContextLoaderUtils -- Could not detect default configuration classes for test class [com.example.riskdashboardbff.DashboardAggregationServiceTests]: DashboardAggregationServiceTests does not declare any static, non-private, non-final, nested classes annotated with @Configuration.
23:23:07.119 [main] INFO org.springframework.boot.test.context.SpringBootTestContextBootstrapper -- Found @SpringBootConfiguration com.example.riskdashboardbff.RiskDashboardBffApplication for test class com.example.riskdashboardbff.DashboardAggregationServiceTests

  .   ____          _            __ _ _
 /\\ / ___'_ __ _ _(_)_ __  __ _ \ \ \ \
( ( )\___ | '_ | '_| | '_ \/ _` | \ \ \ \
 \\/  ___)| |_)| | | | | || (_| |  ) ) ) )
  '  |____| .__|_| |_|_| |_\__, | / / / /
 =========|_|==============|___/=/_/_/_/

 :: Spring Boot ::                (v3.4.1)

2026-01-27T23:23:07.814+08:00  INFO 22248 --- [risk-dashboard-bff] [           main] c.e.r.DashboardAggregationServiceTests   : Starting DashboardAggregationServiceTests using Java 21.0.9 with PID 22248 (started by 10141 in C:\workspace\dashboard_platform\bff-java)
2026-01-27T23:23:07.816+08:00  INFO 22248 --- [risk-dashboard-bff] [           main] c.e.r.DashboardAggregationServiceTests   : No active profile set, falling back to 1 default profile: "default"
2026-01-27T23:23:09.038+08:00  INFO 22248 --- [risk-dashboard-bff] [           main] .s.d.r.c.RepositoryConfigurationDelegate : Multiple Spring Data modules found, entering strict repository configuration mode
2026-01-27T23:23:09.048+08:00  INFO 22248 --- [risk-dashboard-bff] [           main] .s.d.r.c.RepositoryConfigurationDelegate : Bootstrapping Spring Data Redis repositories in DEFAULT mode.
2026-01-27T23:23:09.106+08:00  INFO 22248 --- [risk-dashboard-bff] [           main] .s.d.r.c.RepositoryConfigurationDelegate : Finished Spring Data repository scanning in 31 ms. Found 0 Redis repository interfaces.
2026-01-27T23:23:10.779+08:00  INFO 22248 --- [risk-dashboard-bff] [           main] o.s.b.a.e.web.EndpointLinksResolver      : Exposing 2 endpoints beneath base path '/actuator'
2026-01-27T23:23:11.283+08:00  INFO 22248 --- [risk-dashboard-bff] [           main] c.e.r.DashboardAggregationServiceTests   : Started DashboardAggregationServiceTests in 3.939 seconds (process running for 5.35)
]]></system-out>
    <system-err><![CDATA[Mockito is currently self-attaching to enable the inline-mock-maker. This will no longer work in future releases of the JDK. Please add Mockito as an agent to your build what is described in Mockito's documentation: https://javadoc.io/doc/org.mockito/mockito-core/latest/org/mockito/Mockito.html#0.3
WARNING: A Java agent has been loaded dynamically (C:\Users\10141\.m2\repository\net\bytebuddy\byte-buddy-agent\1.15.11\byte-buddy-agent-1.15.11.jar)
WARNING: If a serviceability tool is in use, please run with -XX:+EnableDynamicAgentLoading to hide this warning
WARNING: If a serviceability tool is not in use, please run with -Djdk.instrument.traceUsage for more information
WARNING: Dynamic loading of agents will be disallowed by default in a future release
]]></system-err>
  </testcase>
</testsuite>